<?xml version="1.0" encoding="UTF-8"?>
<!-- Generated by org.testng.reporters.JUnitReportReporter -->
<testsuite hostname="ndi-mb-290" failures="0" tests="1" name="org.example.AppTest" time="0.006" errors="0" timestamp="2023-02-10T09:16:03 IST" skipped="0">
  <testcase classname="org.example.AppTest" name="testApp" time="0.006"/>
  <system-out/>
</testsuite> <!-- org.example.AppTest -->
